<?xml version="1.0" encoding="UTF-8"?>
<!-- Generated by org.testng.reporters.JUnitXMLReporter -->
<testsuite hostname="ACROlap32" ignored="0" name="BankingApp Test Chrome" tests="1" failures="1" timestamp="22 Sep 2020 12:14:59 GMT" time="23.823" errors="0">
  <testcase name="loginTest" time="10.084" classname="com.inetbanking.testCases.TC_LoginTest_001">
    <failure type="java.lang.AssertionError" message="expected [true] but found [false]">
      <![CDATA[java.lang.AssertionError: expected [true] but found [false]
at com.inetbanking.testCases.TC_LoginTest_001.loginTest(TC_LoginTest_001.java:52)
... Removed 29 stack frames]]>
    </failure>
  </testcase> <!-- loginTest -->
</testsuite> <!-- BankingApp Test Chrome -->
